<?xml version="1.0" encoding="UTF-8"?>
<testsuite xmlns:xsi="http://www.w3.org/2001/XMLSchema-instance" xsi:noNamespaceSchemaLocation="https://maven.apache.org/surefire/maven-surefire-plugin/xsd/surefire-test-report.xsd" name="tn.esprit.spring.service.UserServiceImplTest" time="4.576" tests="5" errors="1" skipped="0" failures="1">
  <properties>
[...]
</properties>
  <testcase name="testAddUser" classname="tn.esprit.spring.service.UserServiceImplTest" time="0.113"/>
  <testcase name="testRetrieveAllUsers" classname="tn.esprit.spring.service.UserServiceImplTest" time="0.279">
    <failure message="expected:&lt;15&gt; but was:&lt;3&gt;" type="java.lang.AssertionError"><![CDATA[java.lang.AssertionError: expected:<15> but was:<3>
	at tn.esprit.spring.service.UserServiceImplTest.testRetrieveAllUsers(UserServiceImplTest.java:32)
]]></failure>
    <system-out><![CDATA[2021-10-11 04:00:08 - INFO  - tn.esprit.spring.services.UserServiceImpl - In retrieveAllUsers() : 
Hibernate: select user0_.id as id1_6_, user0_.date_naissance as date_nai2_6_, user0_.first_name as first_na3_6_, user0_.last_name as last_nam4_6_, user0_.role as role5_6_ from t_user user0_
2021-10-11 04:00:08 - INFO  - tn.esprit.spring.services.UserServiceImpl - Out of retrieveAllUsers() : 
]]></system-out>
  </testcase>
  <testcase name="testModifyUser" classname="tn.esprit.spring.service.UserServiceImplTest" time="0.018"/>
  <testcase name="testDeleteUser" classname="tn.esprit.spring.service.UserServiceImplTest" time="0.026">
    <error message="No value present" type="java.util.NoSuchElementException">java.util.NoSuchElementException: No value present
	at tn.esprit.spring.service.UserServiceImplTest.testDeleteUser(UserServiceImplTest.java:63)
</error>
    <system-out><![CDATA[Hibernate: select user0_.id as id1_6_0_, user0_.date_naissance as date_nai2_6_0_, user0_.first_name as first_na3_6_0_, user0_.last_name as last_nam4_6_0_, user0_.role as role5_6_0_ from t_user user0_ where user0_.id=?
Hibernate: delete from t_user where id=?
2021-10-11 04:00:08 - INFO  - tn.esprit.spring.services.UserServiceImpl - in  retrieveUser id = 3
Hibernate: select user0_.id as id1_6_0_, user0_.date_naissance as date_nai2_6_0_, user0_.first_name as first_na3_6_0_, user0_.last_name as last_nam4_6_0_, user0_.role as role5_6_0_ from t_user user0_ where user0_.id=?
]]></system-out>
  </testcase>
  <testcase name="testRetrieveUser" classname="tn.esprit.spring.service.UserServiceImplTest" time="0.01"/>
</testsuite>